/var/spool/slurm/slurmd/state/job34843709/slurm_script: line 15: /cluster/project/cvl/amitra/SlowFast_VRC/venv/bin/activate: No such file or directory
/cluster/apps/nss/gcc-8.2.0/python/3.10.4/x86_64/lib64/python3.10/site-packages/torchvision/io/image.py:13: UserWarning: Failed to load image Python extension: /cluster/apps/nss/gcc-8.2.0/python/3.10.4/x86_64/lib64/python3.10/site-packages/torchvision/image.so: undefined symbol: _ZN2at4_ops19empty_memory_format4callEN3c108ArrayRefIlEENS2_8optionalINS2_10ScalarTypeEEENS5_INS2_6LayoutEEENS5_INS2_6DeviceEEENS5_IbEENS5_INS2_12MemoryFormatEEE
  warn(f"Failed to load image Python extension: {e}")
/cluster/apps/nss/gcc-8.2.0/python/3.10.4/x86_64/lib64/python3.10/site-packages/torchvision/transforms/_functional_video.py:6: UserWarning: The 'torchvision.transforms._functional_video' module is deprecated since 0.12 and will be removed in 0.14. Please use the 'torchvision.transforms.functional' module instead.
  warnings.warn(
/cluster/apps/nss/gcc-8.2.0/python/3.10.4/x86_64/lib64/python3.10/site-packages/torchvision/transforms/_transforms_video.py:25: UserWarning: The 'torchvision.transforms._transforms_video' module is deprecated since 0.12 and will be removed in 0.14. Please use the 'torchvision.transforms' module instead.
  warnings.warn(
/cluster/home/amitra/.local/lib/python3.10/site-packages/torch/utils/data/dataloader.py:554: UserWarning: This DataLoader will create 8 worker processes in total. Our suggested max number of worker in current system is 1, which is smaller than what this DataLoader is going to create. Please be aware that excessive worker creation might get DataLoader running slow or even freeze, lower the worker number to avoid potential slowness/freeze if necessary.
  warnings.warn(_create_warning_msg(
Traceback (most recent call last):
  File "/cluster/project/cvl/amitra/SlowFast_VRC/tools/run_net.py", line 52, in <module>
    main()
  File "/cluster/project/cvl/amitra/SlowFast_VRC/tools/run_net.py", line 27, in main
    launch_job(cfg=cfg, init_method=args.init_method, func=train)
  File "/cluster/project/cvl/amitra/SlowFast_VRC/slowfast/utils/misc.py", line 430, in launch_job
    func(cfg=cfg)
  File "/cluster/project/cvl/amitra/SlowFast_VRC/tools/train_net.py", line 730, in train
    calculate_and_update_precise_bn(
  File "/cluster/project/cvl/amitra/SlowFast_VRC/tools/train_net.py", line 465, in calculate_and_update_precise_bn
    update_bn_stats(model, _gen_loader(), num_iters)
  File "/cluster/home/amitra/.local/lib/python3.10/site-packages/torch/autograd/grad_mode.py", line 27, in decorate_context
    return func(*args, **kwargs)
  File "/cluster/project/cvl/amitra/SlowFast_VRC/vrc/lib64/python3.10/site-packages/fvcore/nn/precise_bn.py", line 173, in update_bn_stats
    model(inputs)
  File "/cluster/home/amitra/.local/lib/python3.10/site-packages/torch/nn/modules/module.py", line 1190, in _call_impl
    return forward_call(*input, **kwargs)
  File "/cluster/project/cvl/amitra/SlowFast_VRC/slowfast/models/video_model_builder.py", line 805, in forward
    x = module(x)
  File "/cluster/home/amitra/.local/lib/python3.10/site-packages/torch/nn/modules/module.py", line 1190, in _call_impl
    return forward_call(*input, **kwargs)
  File "/cluster/project/cvl/amitra/SlowFast_VRC/slowfast/models/stem_helper.py", line 124, in forward
    y.append(m(x[pathway]))
  File "/cluster/home/amitra/.local/lib/python3.10/site-packages/torch/nn/modules/module.py", line 1190, in _call_impl
    return forward_call(*input, **kwargs)
  File "/cluster/project/cvl/amitra/SlowFast_VRC/slowfast/models/stem_helper.py", line 286, in forward
    x = self.conv_xy(x)
  File "/cluster/home/amitra/.local/lib/python3.10/site-packages/torch/nn/modules/module.py", line 1190, in _call_impl
    return forward_call(*input, **kwargs)
  File "/cluster/home/amitra/.local/lib/python3.10/site-packages/torch/nn/modules/conv.py", line 613, in forward
    return self._conv_forward(input, self.weight, self.bias)
  File "/cluster/home/amitra/.local/lib/python3.10/site-packages/torch/nn/modules/conv.py", line 608, in _conv_forward
    return F.conv3d(
RuntimeError: Input type (torch.cuda.DoubleTensor) and weight type (torch.cuda.FloatTensor) should be the same
