/var/spool/slurm/slurmd/state/job34847147/slurm_script: line 15: /cluster/project/cvl/amitra/SlowFast_VRC/venv/bin/activate: No such file or directory
/cluster/apps/nss/gcc-8.2.0/python/3.10.4/x86_64/lib64/python3.10/site-packages/torchvision/io/image.py:13: UserWarning: Failed to load image Python extension: /cluster/apps/nss/gcc-8.2.0/python/3.10.4/x86_64/lib64/python3.10/site-packages/torchvision/image.so: undefined symbol: _ZN2at4_ops19empty_memory_format4callEN3c108ArrayRefIlEENS2_8optionalINS2_10ScalarTypeEEENS5_INS2_6LayoutEEENS5_INS2_6DeviceEEENS5_IbEENS5_INS2_12MemoryFormatEEE
  warn(f"Failed to load image Python extension: {e}")
/cluster/apps/nss/gcc-8.2.0/python/3.10.4/x86_64/lib64/python3.10/site-packages/torchvision/transforms/_functional_video.py:6: UserWarning: The 'torchvision.transforms._functional_video' module is deprecated since 0.12 and will be removed in 0.14. Please use the 'torchvision.transforms.functional' module instead.
  warnings.warn(
/cluster/apps/nss/gcc-8.2.0/python/3.10.4/x86_64/lib64/python3.10/site-packages/torchvision/transforms/_transforms_video.py:25: UserWarning: The 'torchvision.transforms._transforms_video' module is deprecated since 0.12 and will be removed in 0.14. Please use the 'torchvision.transforms' module instead.
  warnings.warn(
/cluster/home/amitra/.local/lib/python3.10/site-packages/torch/utils/data/dataloader.py:554: UserWarning: This DataLoader will create 8 worker processes in total. Our suggested max number of worker in current system is 1, which is smaller than what this DataLoader is going to create. Please be aware that excessive worker creation might get DataLoader running slow or even freeze, lower the worker number to avoid potential slowness/freeze if necessary.
  warnings.warn(_create_warning_msg(
Traceback (most recent call last):
  File "/cluster/project/cvl/amitra/SlowFast_VRC/tools/run_net.py", line 52, in <module>
    main()
  File "/cluster/project/cvl/amitra/SlowFast_VRC/tools/run_net.py", line 27, in main
    launch_job(cfg=cfg, init_method=args.init_method, func=train)
  File "/cluster/project/cvl/amitra/SlowFast_VRC/slowfast/utils/misc.py", line 430, in launch_job
    func(cfg=cfg)
  File "/cluster/project/cvl/amitra/SlowFast_VRC/tools/train_net.py", line 752, in train
    eval_epoch(
  File "/cluster/home/amitra/.local/lib/python3.10/site-packages/torch/autograd/grad_mode.py", line 27, in decorate_context
    return func(*args, **kwargs)
  File "/cluster/project/cvl/amitra/SlowFast_VRC/tools/train_net.py", line 309, in eval_epoch
    for cur_iter, (inputs, labels, index, time, meta) in enumerate(val_loader):
  File "/cluster/home/amitra/.local/lib/python3.10/site-packages/torch/utils/data/dataloader.py", line 628, in __next__
    data = self._next_data()
  File "/cluster/home/amitra/.local/lib/python3.10/site-packages/torch/utils/data/dataloader.py", line 1313, in _next_data
    return self._process_data(data)
  File "/cluster/home/amitra/.local/lib/python3.10/site-packages/torch/utils/data/dataloader.py", line 1359, in _process_data
    data.reraise()
  File "/cluster/home/amitra/.local/lib/python3.10/site-packages/torch/_utils.py", line 543, in reraise
    raise exception
FileNotFoundError: Caught FileNotFoundError in DataLoader worker process 2.
Original Traceback (most recent call last):
  File "/cluster/home/amitra/.local/lib/python3.10/site-packages/torch/utils/data/_utils/worker.py", line 302, in _worker_loop
    data = fetcher.fetch(index)
  File "/cluster/home/amitra/.local/lib/python3.10/site-packages/torch/utils/data/_utils/fetch.py", line 58, in fetch
    data = [self.dataset[idx] for idx in possibly_batched_index]
  File "/cluster/home/amitra/.local/lib/python3.10/site-packages/torch/utils/data/_utils/fetch.py", line 58, in <listcomp>
    data = [self.dataset[idx] for idx in possibly_batched_index]
  File "/cluster/project/cvl/amitra/SlowFast_VRC/slowfast/datasets/kinetics.py", line 202, in __getitem__
    imgs = [name for name in os.listdir(folder_path)]
FileNotFoundError: [Errno 2] No such file or directory: '/cluster/work/cvl/robocup/data/Debug_Dataset/CKG/CKG_S11_R01_P08_1'

