/cluster/apps/nss/gcc-8.2.0/python/3.10.4/x86_64/lib64/python3.10/site-packages/torchvision/io/image.py:13: UserWarning: Failed to load image Python extension: /cluster/apps/nss/gcc-8.2.0/python/3.10.4/x86_64/lib64/python3.10/site-packages/torchvision/image.so: undefined symbol: _ZN2at4_ops19empty_memory_format4callEN3c108ArrayRefIlEENS2_8optionalINS2_10ScalarTypeEEENS5_INS2_6LayoutEEENS5_INS2_6DeviceEEENS5_IbEENS5_INS2_12MemoryFormatEEE
  warn(f"Failed to load image Python extension: {e}")
/cluster/apps/nss/gcc-8.2.0/python/3.10.4/x86_64/lib64/python3.10/site-packages/torchvision/transforms/_functional_video.py:6: UserWarning: The 'torchvision.transforms._functional_video' module is deprecated since 0.12 and will be removed in 0.14. Please use the 'torchvision.transforms.functional' module instead.
  warnings.warn(
/cluster/apps/nss/gcc-8.2.0/python/3.10.4/x86_64/lib64/python3.10/site-packages/torchvision/transforms/_transforms_video.py:25: UserWarning: The 'torchvision.transforms._transforms_video' module is deprecated since 0.12 and will be removed in 0.14. Please use the 'torchvision.transforms' module instead.
  warnings.warn(
Traceback (most recent call last):
  File "/cluster/project/cvl/amitra/SlowFast_VRC/tools/run_net.py", line 52, in <module>
    main()
  File "/cluster/project/cvl/amitra/SlowFast_VRC/tools/run_net.py", line 27, in main
    launch_job(cfg=cfg, init_method=args.init_method, func=train)
  File "/cluster/project/cvl/amitra/SlowFast_VRC/slowfast/utils/misc.py", line 430, in launch_job
    func(cfg=cfg)
  File "/cluster/project/cvl/amitra/SlowFast_VRC/tools/train_net.py", line 559, in train
    checkpoint_epoch = cu.load_checkpoint(
  File "/cluster/project/cvl/amitra/SlowFast_VRC/slowfast/utils/checkpoint.py", line 558, in load_checkpoint
    optimizer.load_state_dict(checkpoint["optimizer_state"])
  File "/cluster/home/amitra/.local/lib/python3.10/site-packages/torch/optim/optimizer.py", line 201, in load_state_dict
    raise ValueError("loaded state dict contains a parameter group "
ValueError: loaded state dict contains a parameter group that doesn't match the size of optimizer's group
