/cluster/apps/nss/gcc-8.2.0/python/3.10.4/x86_64/lib64/python3.10/site-packages/torchvision/io/image.py:13: UserWarning: Failed to load image Python extension: /cluster/apps/nss/gcc-8.2.0/python/3.10.4/x86_64/lib64/python3.10/site-packages/torchvision/image.so: undefined symbol: _ZN2at4_ops19empty_memory_format4callEN3c108ArrayRefIlEENS2_8optionalINS2_10ScalarTypeEEENS5_INS2_6LayoutEEENS5_INS2_6DeviceEEENS5_IbEENS5_INS2_12MemoryFormatEEE
  warn(f"Failed to load image Python extension: {e}")
/cluster/apps/nss/gcc-8.2.0/python/3.10.4/x86_64/lib64/python3.10/site-packages/torchvision/transforms/_functional_video.py:6: UserWarning: The 'torchvision.transforms._functional_video' module is deprecated since 0.12 and will be removed in 0.14. Please use the 'torchvision.transforms.functional' module instead.
  warnings.warn(
/cluster/apps/nss/gcc-8.2.0/python/3.10.4/x86_64/lib64/python3.10/site-packages/torchvision/transforms/_transforms_video.py:25: UserWarning: The 'torchvision.transforms._transforms_video' module is deprecated since 0.12 and will be removed in 0.14. Please use the 'torchvision.transforms' module instead.
  warnings.warn(
Traceback (most recent call last):
  File "/cluster/project/cvl/amitra/SlowFast_VRC/tools/run_net.py", line 52, in <module>
    main()
  File "/cluster/project/cvl/amitra/SlowFast_VRC/tools/run_net.py", line 22, in main
    cfg = load_config(args, path_to_config)
  File "/cluster/project/cvl/amitra/SlowFast_VRC/slowfast/utils/parser.py", line 78, in load_config
    cfg.merge_from_file(path_to_config)
  File "/cluster/project/cvl/amitra/SlowFast_VRC/vrc/lib64/python3.10/site-packages/fvcore/common/config.py", line 121, in merge_from_file
    self.merge_from_other_cfg(loaded_cfg)
  File "/cluster/project/cvl/amitra/SlowFast_VRC/vrc/lib64/python3.10/site-packages/fvcore/common/config.py", line 132, in merge_from_other_cfg
    return super().merge_from_other_cfg(cfg_other)
  File "/cluster/apps/nss/gcc-8.2.0/python/3.10.4/x86_64/lib64/python3.10/site-packages/yacs/config.py", line 217, in merge_from_other_cfg
    _merge_a_into_b(cfg_other, self, self, [])
  File "/cluster/apps/nss/gcc-8.2.0/python/3.10.4/x86_64/lib64/python3.10/site-packages/yacs/config.py", line 478, in _merge_a_into_b
    _merge_a_into_b(v, b[k], root, key_list + [k])
  File "/cluster/apps/nss/gcc-8.2.0/python/3.10.4/x86_64/lib64/python3.10/site-packages/yacs/config.py", line 491, in _merge_a_into_b
    raise KeyError("Non-existent config key: {}".format(full_key))
KeyError: 'Non-existent config key: DATA.IMAGE_HEIGHT'
